<?xml version="1.0" encoding="UTF-8"?>
<!-- Generated by org.testng.reporters.JUnitReportReporter -->
<testsuite skipped="0" hostname="DESKTOP-M7KF4TS" name="Tests.MealItemTest" tests="3" failures="0" timestamp="2021-02-25T13:17:59 CET" time="84.735" errors="0">
  <testcase name="AddMealToCartTesta" time="20.288" classname="Tests.MealItemTest"/>
  <system-out/>
  <testcase name="AddMealToFavorite" time="23.481" classname="Tests.MealItemTest"/>
  <system-out/>
  <testcase name="ClearCartTesta" time="40.966" classname="Tests.MealItemTest"/>
  <system-out/>
</testsuite> <!-- Tests.MealItemTest -->
