<?xml version="1.0" encoding="UTF-8"?>
<!-- Generated by org.testng.reporters.JUnitReportReporter -->
<testsuite skipped="0" hostname="DESKTOP-M7KF4TS" name="Tests.ProfileTest" tests="2" failures="0" timestamp="2021-02-25T13:11:03 CET" time="47.720" errors="0">
  <testcase name="EditProfileTest" time="29.543" classname="Tests.ProfileTest"/>
  <system-out/>
  <testcase name="ChangeProfileImageTesta" time="18.177" classname="Tests.ProfileTest"/>
  <system-out/>
</testsuite> <!-- Tests.ProfileTest -->
